#
# A fatal error has been detected by the Java Runtime Environment:
#
#  EXCEPTION_ACCESS_VIOLATION (0xc0000005) at pc=0x0000017c8e1305d0, pid=2760, tid=22804
#
# JRE version: Java(TM) SE Runtime Environment (18.0.1.1+2) (build 18.0.1.1+2-6)
# Java VM: Java HotSpot(TM) 64-Bit Server VM (18.0.1.1+2-6, mixed mode, sharing, tiered, compressed oops, compressed class ptrs, g1 gc, windows-amd64)
# Problematic frame:
# v  ~BufferBlob::MethodHandles adapters
#
# No core dump will be written. Minidumps are not enabled by default on client versions of Windows
#
# If you would like to submit a bug report, please visit:
#   https://bugreport.java.com/bugreport/crash.jsp
#

---------------  S U M M A R Y ------------

Command Line: -XX:+ShowCodeDetailsInExceptionMessages -agentlib:jdwp=transport=dt_socket,suspend=y,address=localhost:65502 -javaagent:C:\Users\princ\eclipse\java-2022-06\eclipse\configuration\org.eclipse.osgi\215\0\.cp\lib\javaagent-shaded.jar -Dfile.encoding=UTF-8 com.greatlearning.library.SpringBootLibraryDesignApplication

Host: Intel(R) Core(TM) i7-9750H CPU @ 2.60GHz, 12 cores, 15G,  Windows 11 , 64 bit Build 22621 (10.0.22621.1194)
Time: Fri Feb  3 11:47:41 2023 India Standard Time elapsed time: 148.314261 seconds (0d 0h 2m 28s)

---------------  T H R E A D  ---------------

Current thread (0x0000017cafc2f590):  JavaThread "restartedMain" [_thread_in_Java, id=22804, stack(0x0000004992b00000,0x0000004992c00000)]

Stack: [0x0000004992b00000,0x0000004992c00000],  sp=0x0000004992bfddd8,  free space=1015k
Native frames: (J=compiled Java code, j=interpreted, Vv=VM code, C=native code)
C  0x0000017c8e1305d0


siginfo: EXCEPTION_ACCESS_VIOLATION (0xc0000005), reading address 0xffffffffffffffff


Register to memory mapping:

RIP=0x0000017c8e1305d0 is at begin+68 in a stub
MethodHandle::interpreter_entry::_linkToSpecial [0x0000017c8e13058c, 0x0000017c8e1305db] (79 bytes)
RAX=0x0000017c8e0f9efa is at code_begin+3482 in an Interpreter codelet
return entry points  [0x0000017c8e0f9160, 0x0000017c8e0fb380]  8736 bytes
RBX=0xe102ce7700000000 is an unknown value
RCX=0x0000004992bfdde0 is pointing into the stack for thread: 0x0000017cafc2f590
RDX=0x0000000000000002 is an unknown value
RSP=0x0000004992bfddd8 is pointing into the stack for thread: 0x0000017cafc2f590
RBP=0x0000004992bfde28 is pointing into the stack for thread: 0x0000017cafc2f590
RSI=0x0000017cb0f89f18 points into unknown readable memory: 0x880013008fb7626d | 6d 62 b7 8f 00 13 00 88
RDI=0x0000017caf29d620 points into unknown readable memory: 0x0000001800000070 | 70 00 00 00 18 00 00 00
R8 =0x0000000000000004 is an unknown value
R9 =0x0000000000000004 is an unknown value
R10=0x0000000800000000 is pointing into metadata
R11={method} {0x00000008000c8c38} 'newInvokeSpecial' '(Ljava/lang/Object;)Ljava/lang/Object;' in 'java/lang/invoke/DirectMethodHandle$Holder'
R12=0x0 is NULL
R13=0x0000004992bfddd8 is pointing into the stack for thread: 0x0000017cafc2f590
R14=0x0000004992bfde48 is pointing into the stack for thread: 0x0000017cafc2f590
R15=0x0000017cafc2f590 is a thread


Registers:
RAX=0x0000017c8e0f9efa, RBX=0xe102ce7700000000, RCX=0x0000004992bfdde0, RDX=0x0000000000000002
RSP=0x0000004992bfddd8, RBP=0x0000004992bfde28, RSI=0x0000017cb0f89f18, RDI=0x0000017caf29d620
R8 =0x0000000000000004, R9 =0x0000000000000004, R10=0x0000000800000000, R11=0x00000008000c8c30
R12=0x0000000000000000, R13=0x0000004992bfddd8, R14=0x0000004992bfde48, R15=0x0000017cafc2f590
RIP=0x0000017c8e1305d0, EFLAGS=0x0000000000010202

Top of Stack: (sp=0x0000004992bfddd8)
0x0000004992bfddd8:   0000017c8e0f9efa 0000004992bfdde0
0x0000004992bfdde8:   00000008006decaf 0000004992bfde48
0x0000004992bfddf8:   00000008000c49e8 0000017caa9b6ff0
0x0000004992bfde08:   0000000703293ed8 00000008000c8c30
0x0000004992bfde18:   0000004992bfddd8 0000004992bfde50
0x0000004992bfde28:   0000000708167350 0000017c96220326
0x0000004992bfde38:   00000007081672c0 0000000708167368
0x0000004992bfde48:   0000000708167320 0000000708167100
0x0000004992bfde58:   0000000708167350 0000000000000000
0x0000004992bfde68:   0000000195bff5fe 0000000708167100
0x0000004992bfde78:   0000000708167350 0000000708167098
0x0000004992bfde88:   000000070341ba30 0000000708166f40
0x0000004992bfde98:   0000000708167320 0000000706a4b160
0x0000004992bfdea8:   e0d4962c00000001 0000000700000001
0x0000004992bfdeb8:   0000000708166f50 0000017c9621f748
0x0000004992bfdec8:   0000000706800f20 0000000000000000 

Instructions: (pc=0x0000017c8e1305d0)
0x0000017c8e1304d0:   bf 80 04 00 00 00 74 03 ff 63 38 ff 63 50 e9 1d
0x0000017c8e1304e0:   16 00 00 66 66 66 0f 1f 84 00 00 00 00 00 66 66
0x0000017c8e1304f0:   66 90 66 66 0f 1f 84 00 00 00 00 00 66 66 66 90
0x0000017c8e130500:   48 8b 53 08 0f b7 52 2c 48 8b 0c d4 58 5b 50 44
0x0000017c8e130510:   8b 51 08 49 bb 00 00 00 00 08 00 00 00 4d 03 d3
0x0000017c8e130520:   4c 8b 5b 10 4b 8b 9c da b8 01 00 00 48 85 db 0f
0x0000017c8e130530:   84 10 00 00 00 41 80 bf 80 04 00 00 00 74 03 ff
0x0000017c8e130540:   63 38 ff 63 50 e9 b6 15 00 00 66 66 66 0f 1f 84
0x0000017c8e130550:   00 00 00 00 00 66 66 66 90 0f 1f 80 00 00 00 00
0x0000017c8e130560:   58 5b 50 8b 5b 24 48 c1 e3 03 48 8b 5b 10 48 85
0x0000017c8e130570:   db 0f 84 10 00 00 00 41 80 bf 80 04 00 00 00 74
0x0000017c8e130580:   03 ff 63 38 ff 63 50 e9 74 15 00 00 66 66 66 0f
0x0000017c8e130590:   1f 84 00 00 00 00 00 66 66 66 90 0f 1f 44 00 00
0x0000017c8e1305a0:   48 8b 53 08 0f b7 52 2c 48 8b 0c d4 58 5b 50 48
0x0000017c8e1305b0:   3b 01 8b 5b 24 48 c1 e3 03 48 8b 5b 10 48 85 db
0x0000017c8e1305c0:   0f 84 10 00 00 00 41 80 bf 80 04 00 00 00 74 03
0x0000017c8e1305d0:   ff 63 38 ff 63 50 e9 25 15 00 00 0f 1f 44 00 00
0x0000017c8e1305e0:   48 8b 53 08 0f b7 52 2c 48 8b 0c d4 58 5b 50 44
0x0000017c8e1305f0:   8b 51 08 49 bb 00 00 00 00 08 00 00 00 4d 03 d3
0x0000017c8e130600:   8b 43 18 48 c1 e0 03 48 8b 40 10 48 8b 5b 10 45
0x0000017c8e130610:   8b 9a a0 00 00 00 4f 8d 9c da b8 01 00 00 4d 8d
0x0000017c8e130620:   14 da 49 8b 1b 48 3b c3 74 15 48 85 db 0f 84 32
0x0000017c8e130630:   00 00 00 49 83 c3 10 49 8b 1b 48 3b c3 75 eb 45
0x0000017c8e130640:   8b 5b 08 4b 8b 1c 1a 48 85 db 0f 84 10 00 00 00
0x0000017c8e130650:   41 80 bf 80 04 00 00 00 74 03 ff 63 38 ff 63 50
0x0000017c8e130660:   e9 9b 14 00 00 e9 96 11 00 00 f4 00 00 00 00 00
0x0000017c8e130670:   00 00 00 00 00 00 00 00 00 00 00 00 00 00 00 00
0x0000017c8e130680:   00 00 00 00 00 00 00 00 00 00 00 00 00 00 00 00
0x0000017c8e130690:   00 00 00 00 00 00 00 00 00 00 00 00 00 00 00 00
0x0000017c8e1306a0:   00 00 00 00 00 00 00 00 00 00 00 00 00 00 00 00
0x0000017c8e1306b0:   00 00 00 00 00 00 00 00 00 00 00 00 00 00 00 00
0x0000017c8e1306c0:   00 00 00 00 00 00 00 00 00 00 00 00 00 00 00 00 


Stack slot to memory mapping:
stack at sp + 0 slots: 0x0000017c8e0f9efa is at code_begin+3482 in an Interpreter codelet
return entry points  [0x0000017c8e0f9160, 0x0000017c8e0fb380]  8736 bytes
stack at sp + 1 slots: 0x0000004992bfdde0 is pointing into the stack for thread: 0x0000017cafc2f590
stack at sp + 2 slots: 0x00000008006decaf is pointing into metadata
stack at sp + 3 slots: 0x0000004992bfde48 is pointing into the stack for thread: 0x0000017cafc2f590
stack at sp + 4 slots: 0x00000008000c49e8 is pointing into metadata
stack at sp + 5 slots: 0x0000017caa9b6ff0 is pointing into metadata
stack at sp + 6 slots: 0x0000000703293ed8 is an oop: java.lang.Class 
{0x0000000703293ed8} - klass: 'java/lang/Class'
 - ---- fields (total size 14 words):
 - private volatile transient 'classRedefinedCount' 'I' @12  0
 - abstract internal 'klass' 'J' @16  34360542728 (c4608 8)
 - abstract internal 'array_klass' 'J' @24  0 (0 0)
 - abstract internal 'oop_size' 'I' @32  14 (e)
 - abstract internal 'static_oop_field_count' 'I' @36  0
 - private volatile transient 'cachedConstructor' 'Ljava/lang/reflect/Constructor;' @40  NULL (0)
 - private transient 'name' 'Ljava/lang/String;' @44  NULL (0)
 - private transient 'module' 'Ljava/lang/Module;' @48  a 'java/lang/Module'{0x00000007032b9160} (e065722c)
 - private final 'classLoader' 'Ljava/lang/ClassLoader;' @52  NULL (0)
 - private transient 'classData' 'Ljava/lang/Object;' @56  NULL (0)
 - private transient 'packageName' 'Ljava/lang/String;' @60  NULL (0)
 - private final 'componentType' 'Ljava/lang/Class;' @64  NULL (0)
 - private volatile transient 'reflectionData' 'Ljava/lang/ref/SoftReference;' @68  NULL (0)
 - private volatile transient 'genericInfo' 'Lsun/reflect/generics/repository/ClassRepository;' @72  NULL (0)
 - private volatile transient 'enumConstants' '[Ljava/lang/Object;' @76  NULL (0)
 - private volatile transient 'enumConstantDirectory' 'Ljava/util/Map;' @80  NULL (0)
 - private volatile transient 'annotationData' 'Ljava/lang/Class$AnnotationData;' @84  NULL (0)
 - private volatile transient 'annotationType' 'Lsun/reflect/annotation/AnnotationType;' @88  NULL (0)
 - transient 'classValueMap' 'Ljava/lang/ClassValue$ClassValueMap;' @92  NULL (0)
 - abstract internal 'protection_domain' 'Ljava/lang/Object;' @96  NULL (0)
 - abstract internal 'signers_name' 'Ljava/lang/Object;' @100  NULL (0)
 - abstract internal 'source_file' 'Ljava/lang/Object;' @104  NULL (0)
 - signature: Ljava/lang/invoke/DirectMethodHandle$Holder;
 - ---- static fields (0):
stack at sp + 7 slots: {method} {0x00000008000c8c38} 'newInvokeSpecial' '(Ljava/lang/Object;)Ljava/lang/Object;' in 'java/lang/invoke/DirectMethodHandle$Holder'

MethodHandle::interpreter_entry::_linkToSpecial [0x0000017c8e13058c, 0x0000017c8e1305db] (79 bytes)
[MachCode]
  0x0000017c8e13058c: 6666 660f | 1f84 0000 | 0000 0066 | 6666 900f | 1f44 0000 | 488b 5308 | 0fb7 522c | 488b 0cd4 
  0x0000017c8e1305ac: 585b 5048 | 3b01 8b5b | 2448 c1e3 | 0348 8b5b | 1048 85db | 0f84 1000 | 0000 4180 | bf80 0400 
  0x0000017c8e1305cc: 0000 7403 | ff63 38ff | 6350 e925 | 
[/MachCode]

---------------  P R O C E S S  ---------------

Threads class SMR info:
_java_thread_list=0x0000017cb2c3b310, length=25, elements={
0x0000017c867cc7c0, 0x0000017ca98a41b0, 0x0000017ca98a52f0, 0x0000017ca98c0630,
0x0000017ca98c2fe0, 0x0000017ca98c4120, 0x0000017ca98c5260, 0x0000017ca98caaf0,
0x0000017ca98ebb90, 0x0000017ca98ecc20, 0x0000017cadcc7e50, 0x0000017cadde9580,
0x0000017cadd61f30, 0x0000017cadd8fab0, 0x0000017cae5b7340, 0x0000017caf0e2a80,
0x0000017cafc2d8b0, 0x0000017cafc2f590, 0x0000017cb08d0cf0, 0x0000017cb08cee90,
0x0000017cafc2f0c0, 0x0000017cafc2c570, 0x0000017cafc30400, 0x0000017cafc308d0,
0x0000017cafc2ca40
}

Java Threads: ( => current thread )
  0x0000017c867cc7c0 JavaThread "main" [_thread_blocked, id=11948, stack(0x0000004992c00000,0x0000004992d00000)]
  0x0000017ca98a41b0 JavaThread "Reference Handler" daemon [_thread_blocked, id=9092, stack(0x0000004993300000,0x0000004993400000)]
  0x0000017ca98a52f0 JavaThread "Finalizer" daemon [_thread_blocked, id=20932, stack(0x0000004993400000,0x0000004993500000)]
  0x0000017ca98c0630 JavaThread "Signal Dispatcher" daemon [_thread_blocked, id=7200, stack(0x0000004993500000,0x0000004993600000)]
  0x0000017ca98c2fe0 JavaThread "Attach Listener" daemon [_thread_blocked, id=5148, stack(0x0000004993600000,0x0000004993700000)]
  0x0000017ca98c4120 JavaThread "Service Thread" daemon [_thread_blocked, id=24312, stack(0x0000004993700000,0x0000004993800000)]
  0x0000017ca98c5260 JavaThread "Monitor Deflation Thread" daemon [_thread_blocked, id=22376, stack(0x0000004993800000,0x0000004993900000)]
  0x0000017ca98caaf0 JavaThread "C2 CompilerThread0" daemon [_thread_blocked, id=17420, stack(0x0000004993900000,0x0000004993a00000)]
  0x0000017ca98ebb90 JavaThread "C1 CompilerThread0" daemon [_thread_blocked, id=23880, stack(0x0000004993a00000,0x0000004993b00000)]
  0x0000017ca98ecc20 JavaThread "Sweeper thread" daemon [_thread_blocked, id=18356, stack(0x0000004993b00000,0x0000004993c00000)]
  0x0000017cadcc7e50 JavaThread "Common-Cleaner" daemon [_thread_blocked, id=23416, stack(0x0000004993c00000,0x0000004993d00000)]
  0x0000017cadde9580 JavaThread "JDWP Transport Listener: dt_socket" daemon [_thread_blocked, id=9240, stack(0x0000004993d00000,0x0000004993e00000)]
  0x0000017cadd61f30 JavaThread "JDWP Event Helper Thread" daemon [_thread_blocked, id=24780, stack(0x0000004993e00000,0x0000004993f00000)]
  0x0000017cadd8fab0 JavaThread "JDWP Command Reader" daemon [_thread_in_native, id=11328, stack(0x0000004993f00000,0x0000004994000000)]
  0x0000017cae5b7340 JavaThread "Notification Thread" daemon [_thread_blocked, id=10320, stack(0x0000004994100000,0x0000004994200000)]
  0x0000017caf0e2a80 JavaThread "Live Reload Server" daemon [_thread_in_native, id=17288, stack(0x0000004995700000,0x0000004995800000)]
  0x0000017cafc2d8b0 JavaThread "Thread-19" [_thread_blocked, id=8884, stack(0x0000004992900000,0x0000004992a00000)]
=>0x0000017cafc2f590 JavaThread "restartedMain" [_thread_in_Java, id=22804, stack(0x0000004992b00000,0x0000004992c00000)]
  0x0000017cb08d0cf0 JavaThread "C2 CompilerThread1" daemon [_thread_blocked, id=8200, stack(0x0000004994000000,0x0000004994100000)]
  0x0000017cb08cee90 JavaThread "C2 CompilerThread2" daemon [_thread_blocked, id=6064, stack(0x0000004994300000,0x0000004994400000)]
  0x0000017cafc2f0c0 JavaThread "HikariPool-5 housekeeper" daemon [_thread_blocked, id=19972, stack(0x0000004994c00000,0x0000004994d00000)]
  0x0000017cafc2c570 JavaThread "Catalina-utility-1" [_thread_blocked, id=6576, stack(0x0000004994d00000,0x0000004994e00000)]
  0x0000017cafc30400 JavaThread "Catalina-utility-2" [_thread_blocked, id=22932, stack(0x0000004995100000,0x0000004995200000)]
  0x0000017cafc308d0 JavaThread "container-0" [_thread_blocked, id=24080, stack(0x0000004995200000,0x0000004995300000)]
  0x0000017cafc2ca40 JavaThread "HikariPool-5 connection adder" daemon [_thread_blocked, id=16096, stack(0x0000004995300000,0x0000004995400000)]

Other Threads:
  0x0000017c86855e10 VMThread "VM Thread" [stack: 0x0000004993200000,0x0000004993300000] [id=14908]
  0x0000017cae5b8010 WatcherThread "VM Periodic Task Thread" [stack: 0x0000004994200000,0x0000004994300000] [id=24460]
  0x0000017c8683c740 WorkerThread "GC Thread#0" [stack: 0x0000004992d00000,0x0000004992e00000] [id=17376]
  0x0000017cae8ea700 WorkerThread "GC Thread#1" [stack: 0x0000004994400000,0x0000004994500000] [id=21796]
  0x0000017cae8ea9a0 WorkerThread "GC Thread#2" [stack: 0x0000004994500000,0x0000004994600000] [id=14764]
  0x0000017cae946010 WorkerThread "GC Thread#3" [stack: 0x0000004994600000,0x0000004994700000] [id=21836]
  0x0000017cae9462b0 WorkerThread "GC Thread#4" [stack: 0x0000004994700000,0x0000004994800000] [id=19388]
  0x0000017cae8c1c40 WorkerThread "GC Thread#5" [stack: 0x0000004994800000,0x0000004994900000] [id=5936]
  0x0000017cae957eb0 WorkerThread "GC Thread#6" [stack: 0x0000004994900000,0x0000004994a00000] [id=13880]
  0x0000017cae958150 WorkerThread "GC Thread#7" [stack: 0x0000004994a00000,0x0000004994b00000] [id=13260]
  0x0000017cae8de9e0 WorkerThread "GC Thread#8" [stack: 0x0000004994b00000,0x0000004994c00000] [id=15032]
  0x0000017cae891b80 WorkerThread "GC Thread#9" [stack: 0x0000004994e00000,0x0000004994f00000] [id=8324]
  0x0000017c8684d270 ConcurrentGCThread "G1 Main Marker" [stack: 0x0000004992e00000,0x0000004992f00000] [id=14212]
  0x0000017c8684f470 WorkerThread "G1 Conc#0" [stack: 0x0000004992f00000,0x0000004993000000] [id=18376]
  0x0000017cb32d7700 WorkerThread "G1 Conc#1" [stack: 0x0000004994f00000,0x0000004995000000] [id=13268]
  0x0000017cb32d79a0 WorkerThread "G1 Conc#2" [stack: 0x0000004995000000,0x0000004995100000] [id=6956]
  0x0000017c8687e4a0 ConcurrentGCThread "G1 Refine#0" [stack: 0x0000004993000000,0x0000004993100000] [id=8728]
  0x0000017ca97571b0 ConcurrentGCThread "G1 Service" [stack: 0x0000004993100000,0x0000004993200000] [id=20400]

Threads with active compile tasks:

VM state: not at safepoint (normal execution)

VM Mutex/Monitor currently owned by a thread: None

Heap address: 0x0000000703000000, size: 4048 MB, Compressed Oops mode: Zero based, Oop shift amount: 3

CDS archive(s) mapped at: [0x0000000800000000-0x0000000800ba0000-0x0000000800ba0000), size 12189696, SharedBaseAddress: 0x0000000800000000, ArchiveRelocationMode: 0.
Compressed class space mapped at: 0x0000000800c00000-0x0000000840c00000, reserved size: 1073741824
Narrow klass base: 0x0000000800000000, Narrow klass shift: 0, Narrow klass range: 0x100000000

GC Precious Log:
 CardTable entry size: 512
 Card Set container configuration: InlinePtr #cards 4 size 8 Array Of Cards #cards 16 size 48 Howl #buckets 8 coarsen threshold 3686 Howl Bitmap #cards 512 size 80 coarsen threshold 460 Card regions per heap region 1 cards per card region 4096
 CPUs: 12 total, 12 available
 Memory: 16187M
 Large Page Support: Disabled
 NUMA Support: Disabled
 Compressed Oops: Enabled (Zero based)
 Heap Region Size: 2M
 Heap Min Capacity: 8M
 Heap Initial Capacity: 254M
 Heap Max Capacity: 4048M
 Pre-touch: Disabled
 Parallel Workers: 10
 Concurrent Workers: 3
 Concurrent Refinement Workers: 10
 Periodic GC: Disabled

Heap:
 garbage-first heap   total 108544K, used 61472K [0x0000000703000000, 0x0000000800000000)
  region size 2048K, 15 young (30720K), 2 survivors (4096K)
 Metaspace       used 67483K, committed 68096K, reserved 1114112K
  class space    used 8549K, committed 8832K, reserved 1048576K

Heap Regions: E=young(eden), S=young(survivor), O=old, HS=humongous(starts), HC=humongous(continues), CS=collection set, F=free, OA=open archive, CA=closed archive, TAMS=top-at-mark-start (previous, next)
|   0|0x0000000703000000, 0x0000000703200000, 0x0000000703200000|100%| O|  |TAMS 0x0000000703200000, 0x0000000703000000| Untracked 
|   1|0x0000000703200000, 0x0000000703400000, 0x0000000703400000|100%| O|  |TAMS 0x0000000703400000, 0x0000000703200000| Untracked 
|   2|0x0000000703400000, 0x0000000703600000, 0x0000000703600000|100%| O|  |TAMS 0x0000000703600000, 0x0000000703400000| Untracked 
|   3|0x0000000703600000, 0x00000007037ffff0, 0x0000000703800000| 99%| O|  |TAMS 0x00000007037ffff0, 0x0000000703600000| Untracked 
|   4|0x0000000703800000, 0x00000007039fffd0, 0x0000000703a00000| 99%| O|  |TAMS 0x00000007039fffd0, 0x0000000703800000| Untracked 
|   5|0x0000000703a00000, 0x0000000703c00000, 0x0000000703c00000|100%| O|  |TAMS 0x0000000703c00000, 0x0000000703a00000| Untracked 
|   6|0x0000000703c00000, 0x0000000703dffff8, 0x0000000703e00000| 99%| O|  |TAMS 0x0000000703dffff8, 0x0000000703c00000| Untracked 
|   7|0x0000000703e00000, 0x0000000703ffffd8, 0x0000000704000000| 99%| O|  |TAMS 0x0000000703ffffd8, 0x0000000703e00000| Untracked 
|   8|0x0000000704000000, 0x00000007041ffff8, 0x0000000704200000| 99%| O|  |TAMS 0x00000007041ffff8, 0x0000000704000000| Untracked 
|   9|0x0000000704200000, 0x00000007043fffe0, 0x0000000704400000| 99%| O|  |TAMS 0x00000007043fffe0, 0x0000000704200000| Untracked 
|  10|0x0000000704400000, 0x00000007045ffff8, 0x0000000704600000| 99%| O|  |TAMS 0x00000007045ffff8, 0x0000000704400000| Untracked 
|  11|0x0000000704600000, 0x00000007047fffe0, 0x0000000704800000| 99%| O|  |TAMS 0x00000007047fffe0, 0x0000000704600000| Untracked 
|  12|0x0000000704800000, 0x00000007049ede80, 0x0000000704a00000| 96%| O|  |TAMS 0x00000007049ede80, 0x0000000704800000| Untracked 
|  13|0x0000000704a00000, 0x0000000704bffff0, 0x0000000704c00000| 99%| O|  |TAMS 0x0000000704a00000, 0x0000000704a00000| Untracked 
|  14|0x0000000704c00000, 0x0000000704dffff8, 0x0000000704e00000| 99%| O|  |TAMS 0x0000000704c00000, 0x0000000704c00000| Untracked 
|  15|0x0000000704e00000, 0x0000000704fc15c8, 0x0000000705000000| 87%| O|  |TAMS 0x0000000704e00000, 0x0000000704e00000| Untracked 
|  16|0x0000000705000000, 0x0000000705000000, 0x0000000705200000|  0%| F|  |TAMS 0x0000000705000000, 0x0000000705000000| Untracked 
|  17|0x0000000705200000, 0x0000000705200000, 0x0000000705400000|  0%| F|  |TAMS 0x0000000705200000, 0x0000000705200000| Untracked 
|  18|0x0000000705400000, 0x0000000705400000, 0x0000000705600000|  0%| F|  |TAMS 0x0000000705400000, 0x0000000705400000| Untracked 
|  19|0x0000000705600000, 0x0000000705600000, 0x0000000705800000|  0%| F|  |TAMS 0x0000000705600000, 0x0000000705600000| Untracked 
|  20|0x0000000705800000, 0x0000000705800000, 0x0000000705a00000|  0%| F|  |TAMS 0x0000000705800000, 0x0000000705800000| Untracked 
|  21|0x0000000705a00000, 0x0000000705a00000, 0x0000000705c00000|  0%| F|  |TAMS 0x0000000705a00000, 0x0000000705a00000| Untracked 
|  22|0x0000000705c00000, 0x0000000705c00000, 0x0000000705e00000|  0%| F|  |TAMS 0x0000000705c00000, 0x0000000705c00000| Untracked 
|  23|0x0000000705e00000, 0x0000000705e00000, 0x0000000706000000|  0%| F|  |TAMS 0x0000000705e00000, 0x0000000705e00000| Untracked 
|  24|0x0000000706000000, 0x0000000706000000, 0x0000000706200000|  0%| F|  |TAMS 0x0000000706000000, 0x0000000706000000| Untracked 
|  25|0x0000000706200000, 0x0000000706234218, 0x0000000706400000| 10%| O|  |TAMS 0x0000000706200000, 0x0000000706200000| Untracked 
|  26|0x0000000706400000, 0x0000000706400000, 0x0000000706600000|  0%| F|  |TAMS 0x0000000706400000, 0x0000000706400000| Untracked 
|  27|0x0000000706600000, 0x0000000706750e28, 0x0000000706800000| 65%| S|CS|TAMS 0x0000000706600000, 0x0000000706600000| Complete 
|  28|0x0000000706800000, 0x00000007068d3ce0, 0x0000000706a00000| 41%| O|  |TAMS 0x0000000706800000, 0x0000000706800000| Untracked 
|  29|0x0000000706a00000, 0x0000000706c00000, 0x0000000706c00000|100%| S|CS|TAMS 0x0000000706a00000, 0x0000000706a00000| Complete 
|  30|0x0000000706c00000, 0x0000000706c00000, 0x0000000706e00000|  0%| F|  |TAMS 0x0000000706c00000, 0x0000000706c00000| Untracked 
|  31|0x0000000706e00000, 0x0000000706e00000, 0x0000000707000000|  0%| F|  |TAMS 0x0000000706e00000, 0x0000000706e00000| Untracked 
|  32|0x0000000707000000, 0x0000000707000000, 0x0000000707200000|  0%| F|  |TAMS 0x0000000707000000, 0x0000000707000000| Untracked 
|  33|0x0000000707200000, 0x0000000707200000, 0x0000000707400000|  0%| F|  |TAMS 0x0000000707200000, 0x0000000707200000| Untracked 
|  34|0x0000000707400000, 0x0000000707400000, 0x0000000707600000|  0%| F|  |TAMS 0x0000000707400000, 0x0000000707400000| Untracked 
|  35|0x0000000707600000, 0x0000000707600000, 0x0000000707800000|  0%| F|  |TAMS 0x0000000707600000, 0x0000000707600000| Untracked 
|  36|0x0000000707800000, 0x0000000707800000, 0x0000000707a00000|  0%| F|  |TAMS 0x0000000707800000, 0x0000000707800000| Untracked 
|  37|0x0000000707a00000, 0x0000000707a00000, 0x0000000707c00000|  0%| F|  |TAMS 0x0000000707a00000, 0x0000000707a00000| Untracked 
|  38|0x0000000707c00000, 0x0000000707c00000, 0x0000000707e00000|  0%| F|  |TAMS 0x0000000707c00000, 0x0000000707c00000| Untracked 
|  39|0x0000000707e00000, 0x0000000707e00000, 0x0000000708000000|  0%| F|  |TAMS 0x0000000707e00000, 0x0000000707e00000| Untracked 
|  40|0x0000000708000000, 0x00000007081f9a88, 0x0000000708200000| 98%| E|  |TAMS 0x0000000708000000, 0x0000000708000000| Complete 
|  41|0x0000000708200000, 0x0000000708400000, 0x0000000708400000|100%| E|CS|TAMS 0x0000000708200000, 0x0000000708200000| Complete 
|  42|0x0000000708400000, 0x0000000708600000, 0x0000000708600000|100%| E|CS|TAMS 0x0000000708400000, 0x0000000708400000| Complete 
|  43|0x0000000708600000, 0x0000000708800000, 0x0000000708800000|100%| E|CS|TAMS 0x0000000708600000, 0x0000000708600000| Complete 
|  44|0x0000000708800000, 0x0000000708a00000, 0x0000000708a00000|100%| E|CS|TAMS 0x0000000708800000, 0x0000000708800000| Complete 
|  45|0x0000000708a00000, 0x0000000708c00000, 0x0000000708c00000|100%| E|CS|TAMS 0x0000000708a00000, 0x0000000708a00000| Complete 
|  46|0x0000000708c00000, 0x0000000708e00000, 0x0000000708e00000|100%| E|CS|TAMS 0x0000000708c00000, 0x0000000708c00000| Complete 
|  72|0x000000070c000000, 0x000000070c200000, 0x000000070c200000|100%| E|CS|TAMS 0x000000070c000000, 0x000000070c000000| Complete 
|  73|0x000000070c200000, 0x000000070c400000, 0x000000070c400000|100%| E|CS|TAMS 0x000000070c200000, 0x000000070c200000| Complete 
| 109|0x0000000710a00000, 0x0000000710c00000, 0x0000000710c00000|100%| E|CS|TAMS 0x0000000710a00000, 0x0000000710a00000| Complete 
| 110|0x0000000710c00000, 0x0000000710e00000, 0x0000000710e00000|100%| E|CS|TAMS 0x0000000710c00000, 0x0000000710c00000| Complete 
| 112|0x0000000711000000, 0x0000000711200000, 0x0000000711200000|100%| E|CS|TAMS 0x0000000711000000, 0x0000000711000000| Complete 
| 126|0x0000000712c00000, 0x0000000712e00000, 0x0000000712e00000|100%| E|CS|TAMS 0x0000000712c00000, 0x0000000712c00000| Complete 

Card table byte_map: [0x0000017c9de30000,0x0000017c9e620000] _byte_map_base: 0x0000017c9a618000

Marking Bits (Prev, Next): (CMBitMap*) 0x0000017c8683cc80, (CMBitMap*) 0x0000017c8683cc40
 Prev Bits: [0x0000017ca2d50000, 0x0000017ca6c90000)
 Next Bits: [0x0000017c9ee10000, 0x0000017ca2d50000)

Polling page: 0x0000017c846e0000

Metaspace:

Usage:
  Non-class:     57.55 MB used.
      Class:      8.35 MB used.
       Both:     65.90 MB used.

Virtual space:
  Non-class space:       64.00 MB reserved,      57.88 MB ( 90%) committed,  1 nodes.
      Class space:        1.00 GB reserved,       8.62 MB ( <1%) committed,  1 nodes.
             Both:        1.06 GB reserved,      66.50 MB (  6%) committed. 

Chunk freelists:
   Non-Class:  1.30 MB
       Class:  3.38 MB
        Both:  4.67 MB

MaxMetaspaceSize: unlimited
CompressedClassSpaceSize: 1.00 GB
Initial GC threshold: 21.00 MB
Current GC threshold: 110.25 MB
CDS: on
MetaspaceReclaimPolicy: balanced
 - commit_granule_bytes: 65536.
 - commit_granule_words: 8192.
 - virtual_space_node_default_size: 8388608.
 - enlarge_chunks_in_place: 1.
 - new_chunks_are_fully_committed: 0.
 - uncommit_free_chunks: 1.
 - use_allocation_guard: 0.


Internal statistics:

num_allocs_failed_limit: 9.
num_arena_births: 830.
num_arena_deaths: 0.
num_vsnodes_births: 2.
num_vsnodes_deaths: 0.
num_space_committed: 1064.
num_space_uncommitted: 0.
num_chunks_returned_to_freelist: 9.
num_chunks_taken_from_freelist: 3308.
num_chunk_merges: 9.
num_chunk_splits: 2349.
num_chunks_enlarged: 1874.
num_inconsistent_stats: 0.

CodeHeap 'non-profiled nmethods': size=120000Kb used=6906Kb max_used=6906Kb free=113093Kb
 bounds [0x0000017c95bc0000, 0x0000017c96280000, 0x0000017c9d0f0000]
CodeHeap 'profiled nmethods': size=120000Kb used=17866Kb max_used=17866Kb free=102133Kb
 bounds [0x0000017c8e690000, 0x0000017c8f810000, 0x0000017c95bc0000]
CodeHeap 'non-nmethods': size=5760Kb used=1403Kb max_used=1596Kb free=4356Kb
 bounds [0x0000017c8e0f0000, 0x0000017c8e360000, 0x0000017c8e690000]
 total_blobs=9035 nmethods=8379 adapters=568
 compilation: enabled
              stopped_count=0, restarted_count=0
 full_count=0

Compilation events (20 events):
Event: 146.949 Thread 0x0000017ca98ebb90 nmethod 9695 0x0000017c8f7ff190 code [0x0000017c8f7ff340, 0x0000017c8f7ff528]
Event: 146.957 Thread 0x0000017ca98ebb90 9697       3       java.lang.invoke.DirectMethodHandle::preparedFieldLambdaForm (180 bytes)
Event: 146.958 Thread 0x0000017ca98ebb90 nmethod 9697 0x0000017c8f7ff610 code [0x0000017c8f7ff860, 0x0000017c8f7fffd8]
Event: 146.958 Thread 0x0000017ca98ebb90 9698       3       java.lang.invoke.DirectMethodHandle$Accessor::<init> (24 bytes)
Event: 146.958 Thread 0x0000017ca98ebb90 nmethod 9698 0x0000017c8f800310 code [0x0000017c8f8004c0, 0x0000017c8f8006d8]
Event: 146.962 Thread 0x0000017ca98ebb90 9699       3       java.lang.invoke.LambdaForm$MH/0x0000000801479c00::invoke (60 bytes)
Event: 146.963 Thread 0x0000017ca98ebb90 nmethod 9699 0x0000017c8f800810 code [0x0000017c8f800a80, 0x0000017c8f8016a8]
Event: 146.963 Thread 0x0000017ca98ebb90 9700   !   3       jdk.proxy2.$Proxy50::required (32 bytes)
Event: 146.963 Thread 0x0000017ca98ebb90 nmethod 9700 0x0000017c8f801b10 code [0x0000017c8f801ce0, 0x0000017c8f802178]
Event: 146.963 Thread 0x0000017ca98ebb90 9701       3       java.lang.reflect.Field::setOverrideFieldAccessor (20 bytes)
Event: 146.963 Thread 0x0000017ca98ebb90 nmethod 9701 0x0000017c8f802390 code [0x0000017c8f802540, 0x0000017c8f802848]
Event: 146.968 Thread 0x0000017cb08cee90 nmethod 9606 0x0000017c96245790 code [0x0000017c96245aa0, 0x0000017c962481e8]
Event: 146.969 Thread 0x0000017cb08cee90 9673       4       org.springframework.orm.jpa.support.PersistenceAnnotationBeanPostProcessor::lambda$buildPersistenceMetadata$1 (132 bytes)
Event: 147.001 Thread 0x0000017cb08cee90 nmethod 9673 0x0000017c96249b10 code [0x0000017c96249e60, 0x0000017c9624b470]
Event: 147.001 Thread 0x0000017cb08cee90 9587       4       java.util.Arrays::fill (21 bytes)
Event: 147.003 Thread 0x0000017cb08cee90 nmethod 9587 0x0000017c9624c690 code [0x0000017c9624c800, 0x0000017c9624c918]
Event: 147.003 Thread 0x0000017cb08cee90 9573       4       org.springframework.core.OrderComparator::getOrder (111 bytes)
Event: 147.035 Thread 0x0000017cb08cee90 nmethod 9573 0x0000017c9624ca10 code [0x0000017c9624cd20, 0x0000017c9624e208]
Event: 147.256 Thread 0x0000017cb08d0cf0 nmethod 9441 0x0000017c9624f190 code [0x0000017c9624f8a0, 0x0000017c9625fa60]
Event: 147.261 Thread 0x0000017ca98caaf0 nmethod 9510% 0x0000017c96267f10 code [0x0000017c96268460, 0x0000017c96277d20]

GC Heap History (20 events):
Event: 129.067 GC heap before
{Heap before GC invocations=21 (full 1):
 garbage-first heap   total 90112K, used 68328K [0x0000000703000000, 0x0000000800000000)
  region size 2048K, 21 young (43008K), 0 survivors (0K)
 Metaspace       used 65332K, committed 65856K, reserved 1114112K
  class space    used 8441K, committed 8704K, reserved 1048576K
}
Event: 129.070 GC heap after
{Heap after GC invocations=22 (full 1):
 garbage-first heap   total 90112K, used 28316K [0x0000000703000000, 0x0000000800000000)
  region size 2048K, 2 young (4096K), 2 survivors (4096K)
 Metaspace       used 65332K, committed 65856K, reserved 1114112K
  class space    used 8441K, committed 8704K, reserved 1048576K
}
Event: 129.817 GC heap before
{Heap before GC invocations=22 (full 1):
 garbage-first heap   total 90112K, used 67228K [0x0000000703000000, 0x0000000800000000)
  region size 2048K, 21 young (43008K), 2 survivors (4096K)
 Metaspace       used 65814K, committed 66432K, reserved 1114112K
  class space    used 8456K, committed 8768K, reserved 1048576K
}
Event: 129.822 GC heap after
{Heap after GC invocations=23 (full 1):
 garbage-first heap   total 90112K, used 31435K [0x0000000703000000, 0x0000000800000000)
  region size 2048K, 3 young (6144K), 3 survivors (6144K)
 Metaspace       used 65814K, committed 66432K, reserved 1114112K
  class space    used 8456K, committed 8768K, reserved 1048576K
}
Event: 133.801 GC heap before
{Heap before GC invocations=23 (full 1):
 garbage-first heap   total 90112K, used 49867K [0x0000000703000000, 0x0000000800000000)
  region size 2048K, 13 young (26624K), 3 survivors (6144K)
 Metaspace       used 65972K, committed 66624K, reserved 1114112K
  class space    used 8460K, committed 8768K, reserved 1048576K
}
Event: 133.853 GC heap after
{Heap after GC invocations=24 (full 2):
 garbage-first heap   total 90112K, used 28060K [0x0000000703000000, 0x0000000800000000)
  region size 2048K, 0 young (0K), 0 survivors (0K)
 Metaspace       used 65972K, committed 66624K, reserved 1114112K
  class space    used 8460K, committed 8768K, reserved 1048576K
}
Event: 134.655 GC heap before
{Heap before GC invocations=24 (full 2):
 garbage-first heap   total 90112K, used 66972K [0x0000000703000000, 0x0000000800000000)
  region size 2048K, 20 young (40960K), 0 survivors (0K)
 Metaspace       used 66079K, committed 66688K, reserved 1114112K
  class space    used 8473K, committed 8768K, reserved 1048576K
}
Event: 134.660 GC heap after
{Heap after GC invocations=25 (full 2):
 garbage-first heap   total 108544K, used 31713K [0x0000000703000000, 0x0000000800000000)
  region size 2048K, 2 young (4096K), 2 survivors (4096K)
 Metaspace       used 66079K, committed 66688K, reserved 1114112K
  class space    used 8473K, committed 8768K, reserved 1048576K
}
Event: 135.669 GC heap before
{Heap before GC invocations=25 (full 2):
 garbage-first heap   total 108544K, used 80865K [0x0000000703000000, 0x0000000800000000)
  region size 2048K, 26 young (53248K), 2 survivors (4096K)
 Metaspace       used 66454K, committed 67072K, reserved 1114112K
  class space    used 8489K, committed 8768K, reserved 1048576K
}
Event: 135.673 GC heap after
{Heap after GC invocations=26 (full 2):
 garbage-first heap   total 108544K, used 34828K [0x0000000703000000, 0x0000000800000000)
  region size 2048K, 4 young (8192K), 4 survivors (8192K)
 Metaspace       used 66454K, committed 67072K, reserved 1114112K
  class space    used 8489K, committed 8768K, reserved 1048576K
}
Event: 142.560 GC heap before
{Heap before GC invocations=26 (full 2):
 garbage-first heap   total 108544K, used 45068K [0x0000000703000000, 0x0000000800000000)
  region size 2048K, 10 young (20480K), 4 survivors (8192K)
 Metaspace       used 66557K, committed 67136K, reserved 1114112K
  class space    used 8493K, committed 8768K, reserved 1048576K
}
Event: 142.656 GC heap after
{Heap after GC invocations=27 (full 3):
 garbage-first heap   total 108544K, used 30763K [0x0000000703000000, 0x0000000800000000)
  region size 2048K, 0 young (0K), 0 survivors (0K)
 Metaspace       used 66557K, committed 67136K, reserved 1114112K
  class space    used 8493K, committed 8768K, reserved 1048576K
}
Event: 143.524 GC heap before
{Heap before GC invocations=27 (full 3):
 garbage-first heap   total 108544K, used 81963K [0x0000000703000000, 0x0000000800000000)
  region size 2048K, 25 young (51200K), 0 survivors (0K)
 Metaspace       used 66679K, committed 67328K, reserved 1114112K
  class space    used 8508K, committed 8832K, reserved 1048576K
}
Event: 143.527 GC heap after
{Heap after GC invocations=28 (full 3):
 garbage-first heap   total 108544K, used 34545K [0x0000000703000000, 0x0000000800000000)
  region size 2048K, 2 young (4096K), 2 survivors (4096K)
 Metaspace       used 66679K, committed 67328K, reserved 1114112K
  class space    used 8508K, committed 8832K, reserved 1048576K
}
Event: 145.653 GC heap before
{Heap before GC invocations=28 (full 3):
 garbage-first heap   total 108544K, used 83697K [0x0000000703000000, 0x0000000800000000)
  region size 2048K, 26 young (53248K), 2 survivors (4096K)
 Metaspace       used 67059K, committed 67712K, reserved 1114112K
  class space    used 8523K, committed 8832K, reserved 1048576K
}
Event: 145.691 GC heap after
{Heap after GC invocations=29 (full 3):
 garbage-first heap   total 108544K, used 36194K [0x0000000703000000, 0x0000000800000000)
  region size 2048K, 3 young (6144K), 3 survivors (6144K)
 Metaspace       used 67059K, committed 67712K, reserved 1114112K
  class space    used 8523K, committed 8832K, reserved 1048576K
}
Event: 145.905 GC heap before
{Heap before GC invocations=29 (full 3):
 garbage-first heap   total 108544K, used 36194K [0x0000000703000000, 0x0000000800000000)
  region size 2048K, 4 young (8192K), 3 survivors (6144K)
 Metaspace       used 67084K, committed 67712K, reserved 1114112K
  class space    used 8523K, committed 8832K, reserved 1048576K
}
Event: 145.985 GC heap after
{Heap after GC invocations=30 (full 4):
 garbage-first heap   total 108544K, used 33500K [0x0000000703000000, 0x0000000800000000)
  region size 2048K, 0 young (0K), 0 survivors (0K)
 Metaspace       used 67084K, committed 67712K, reserved 1114112K
  class space    used 8523K, committed 8832K, reserved 1048576K
}
Event: 146.638 GC heap before
{Heap before GC invocations=30 (full 4):
 garbage-first heap   total 108544K, used 80604K [0x0000000703000000, 0x0000000800000000)
  region size 2048K, 23 young (47104K), 0 survivors (0K)
 Metaspace       used 67199K, committed 67840K, reserved 1114112K
  class space    used 8535K, committed 8832K, reserved 1048576K
}
Event: 146.642 GC heap after
{Heap after GC invocations=31 (full 4):
 garbage-first heap   total 108544K, used 36896K [0x0000000703000000, 0x0000000800000000)
  region size 2048K, 2 young (4096K), 2 survivors (4096K)
 Metaspace       used 67199K, committed 67840K, reserved 1114112K
  class space    used 8535K, committed 8832K, reserved 1048576K
}

Deoptimization events (20 events):
Event: 146.954 Thread 0x0000017cafc2f590 DEOPT PACKING pc=0x0000017c8f65f05c sp=0x0000004992bfae70
Event: 146.954 Thread 0x0000017cafc2f590 DEOPT UNPACKING pc=0x0000017c8e142b43 sp=0x0000004992bfa418 mode 1
Event: 146.954 Thread 0x0000017cafc2f590 DEOPT PACKING pc=0x0000017c8ebc95ac sp=0x0000004992bfafd0
Event: 146.954 Thread 0x0000017cafc2f590 DEOPT UNPACKING pc=0x0000017c8e142b43 sp=0x0000004992bfa570 mode 1
Event: 146.954 Thread 0x0000017cafc2f590 DEOPT PACKING pc=0x0000017c8ec12b49 sp=0x0000004992bfade0
Event: 146.954 Thread 0x0000017cafc2f590 DEOPT UNPACKING pc=0x0000017c8e142b43 sp=0x0000004992bfa2b8 mode 1
Event: 146.954 Thread 0x0000017cafc2f590 DEOPT PACKING pc=0x0000017c8f65f05c sp=0x0000004992bfae70
Event: 146.954 Thread 0x0000017cafc2f590 DEOPT UNPACKING pc=0x0000017c8e142b43 sp=0x0000004992bfa418 mode 1
Event: 146.954 Thread 0x0000017cafc2f590 DEOPT PACKING pc=0x0000017c8ebc95ac sp=0x0000004992bfafd0
Event: 146.954 Thread 0x0000017cafc2f590 DEOPT UNPACKING pc=0x0000017c8e142b43 sp=0x0000004992bfa570 mode 1
Event: 146.961 Thread 0x0000017cafc2f590 Uncommon trap: trap_request=0xffffff97 fr.pc=0x0000017c95e436e8 relative=0x0000000000000988
Event: 146.961 Thread 0x0000017cafc2f590 Uncommon trap: reason=unhandled action=none pc=0x0000017c95e436e8 method=java.lang.Class.getMethod(Ljava/lang/String;[Ljava/lang/Class;)Ljava/lang/reflect/Method; @ 49 c2
Event: 146.961 Thread 0x0000017cafc2f590 DEOPT PACKING pc=0x0000017c95e436e8 sp=0x0000004992bfdbe0
Event: 146.961 Thread 0x0000017cafc2f590 DEOPT UNPACKING pc=0x0000017c8e1423a3 sp=0x0000004992bfdb68 mode 2
Event: 146.962 Thread 0x0000017cafc2f590 Uncommon trap: trap_request=0xffffff97 fr.pc=0x0000017c95e436e8 relative=0x0000000000000988
Event: 146.962 Thread 0x0000017cafc2f590 Uncommon trap: reason=unhandled action=none pc=0x0000017c95e436e8 method=java.lang.Class.getMethod(Ljava/lang/String;[Ljava/lang/Class;)Ljava/lang/reflect/Method; @ 49 c2
Event: 146.962 Thread 0x0000017cafc2f590 DEOPT PACKING pc=0x0000017c95e436e8 sp=0x0000004992bfdbe0
Event: 146.962 Thread 0x0000017cafc2f590 DEOPT UNPACKING pc=0x0000017c8e1423a3 sp=0x0000004992bfdb68 mode 2
Event: 148.257 Thread 0x0000017cafc2f590 DEOPT PACKING pc=0x0000017c8ecb3024 sp=0x0000004992bfdde0
Event: 148.257 Thread 0x0000017cafc2f590 DEOPT UNPACKING pc=0x0000017c8e142b43 sp=0x0000004992bfd298 mode 0

Classes loaded (20 events):
Event: 143.823 Loading class java/lang/ObjectCustomizer
Event: 143.823 Loading class java/lang/ObjectCustomizer done
Event: 144.211 Loading class java/lang/ObjectBeanInfo
Event: 144.211 Loading class java/lang/ObjectBeanInfo done
Event: 144.213 Loading class java/lang/ObjectBeanInfo
Event: 144.213 Loading class java/lang/ObjectBeanInfo done
Event: 144.214 Loading class java/lang/ObjectCustomizer
Event: 144.214 Loading class java/lang/ObjectCustomizer done
Event: 144.216 Loading class java/lang/ObjectCustomizer
Event: 144.216 Loading class java/lang/ObjectCustomizer done
Event: 144.259 Loading class java/lang/ObjectCustomizer
Event: 144.259 Loading class java/lang/ObjectCustomizer done
Event: 144.259 Loading class java/lang/ObjectCustomizer
Event: 144.259 Loading class java/lang/ObjectCustomizer done
Event: 146.940 Loading class java/lang/ObjectCustomizer
Event: 146.940 Loading class java/lang/ObjectCustomizer done
Event: 146.940 Loading class java/lang/ObjectCustomizer
Event: 146.940 Loading class java/lang/ObjectCustomizer done
Event: 146.965 Loading class java/lang/invoke/WrongMethodTypeException
Event: 146.965 Loading class java/lang/invoke/WrongMethodTypeException done

Classes unloaded (0 events):
No events

Classes redefined (3 events):
Event: 145.820 Thread 0x0000017c86855e10 redefined class name=com.greatlearning.library.controller.ReadController, count=1
Event: 148.289 Thread 0x0000017c86855e10 redefined class name=com.greatlearning.library.controller.ReadController, count=1
Event: 148.289 Thread 0x0000017c86855e10 redefined class name=com.greatlearning.library.controller.ReadController, count=2

Internal exceptions (20 events):
Event: 142.683 Thread 0x0000017cafc30400 Exception <a 'sun/nio/fs/WindowsException'{0x0000000712cebcf8}> (0x0000000712cebcf8) 
thrown [s\open\src\hotspot\share\prims\jni.cpp, line 516]
Event: 143.588 Thread 0x0000017cafc30400 Exception <a 'java/io/FileNotFoundException'{0x0000000710d52b78}> (0x0000000710d52b78) 
thrown [s\open\src\hotspot\share\prims\jni.cpp, line 516]
Event: 143.689 Thread 0x0000017cafc30400 Exception <a 'java/io/FileNotFoundException'{0x0000000708c5e680}> (0x0000000708c5e680) 
thrown [s\open\src\hotspot\share\prims\jni.cpp, line 516]
Event: 143.786 Thread 0x0000017cafc30400 Implicit null exception at 0x0000017c960d6d37 to 0x0000017c960d7420
Event: 143.823 Thread 0x0000017cafc30400 Exception <a 'java/lang/ClassNotFoundException'{0x000000070868ca50}: java/lang/ObjectCustomizer> (0x000000070868ca50) 
thrown [s\open\src\hotspot\share\classfile\systemDictionary.cpp, line 255]
Event: 143.827 Thread 0x0000017cafc30400 Exception <a 'java/lang/ClassNotFoundException'{0x00000007086958f8}: com/greatlearning/library/entity/LibraryEntityCustomizer> (0x00000007086958f8) 
thrown [s\open\src\hotspot\share\classfile\systemDictionary.cpp, line 255]
Event: 144.209 Thread 0x0000017cafc30400 Exception <a 'java/lang/ClassNotFoundException'{0x0000000706c7e2a8}: com/greatlearning/library/entity/LibraryEntityBeanInfo> (0x0000000706c7e2a8) 
thrown [s\open\src\hotspot\share\classfile\systemDictionary.cpp, line 255]
Event: 144.213 Thread 0x0000017cafc30400 Exception <a 'java/lang/ClassNotFoundException'{0x0000000706c7f978}: java/lang/ObjectBeanInfo> (0x0000000706c7f978) 
thrown [s\open\src\hotspot\share\classfile\systemDictionary.cpp, line 255]
Event: 144.216 Thread 0x0000017cafc30400 Exception <a 'java/lang/ClassNotFoundException'{0x0000000706c81048}: java/lang/ObjectCustomizer> (0x0000000706c81048) 
thrown [s\open\src\hotspot\share\classfile\systemDictionary.cpp, line 255]
Event: 144.219 Thread 0x0000017cafc30400 Exception <a 'java/lang/ClassNotFoundException'{0x0000000706c88300}: com/greatlearning/library/entity/LibraryEntityCustomizer> (0x0000000706c88300) 
thrown [s\open\src\hotspot\share\classfile\systemDictionary.cpp, line 255]
Event: 144.259 Thread 0x0000017cafc30400 Exception <a 'java/lang/ClassNotFoundException'{0x0000000706a6f368}: java/lang/ObjectCustomizer> (0x0000000706a6f368) 
thrown [s\open\src\hotspot\share\classfile\systemDictionary.cpp, line 255]
Event: 144.261 Thread 0x0000017cafc30400 Exception <a 'java/lang/ClassNotFoundException'{0x0000000706a77098}: com/greatlearning/library/entity/LibraryEntityCustomizer> (0x0000000706a77098) 
thrown [s\open\src\hotspot\share\classfile\systemDictionary.cpp, line 255]
Event: 144.265 Thread 0x0000017cafc30400 Implicit null exception at 0x0000017c96174231 to 0x0000017c961747d2
Event: 145.649 Thread 0x0000017cafc325b0 Exception <a 'java/lang/InterruptedException'{0x0000000706b9dad8}: sleep interrupted> (0x0000000706b9dad8) 
thrown [s\open\src\hotspot\share\prims\jvm.cpp, line 3083]
Event: 146.007 Thread 0x0000017cafc2f590 Exception <a 'sun/nio/fs/WindowsException'{0x0000000712cd7d00}> (0x0000000712cd7d00) 
thrown [s\open\src\hotspot\share\prims\jni.cpp, line 516]
Event: 146.739 Thread 0x0000017cafc2f590 Exception <a 'java/io/FileNotFoundException'{0x000000070c2d6aa0}> (0x000000070c2d6aa0) 
thrown [s\open\src\hotspot\share\prims\jni.cpp, line 516]
Event: 146.838 Thread 0x0000017cafc2f590 Exception <a 'java/io/FileNotFoundException'{0x0000000708bde1b0}> (0x0000000708bde1b0) 
thrown [s\open\src\hotspot\share\prims\jni.cpp, line 516]
Event: 146.916 Thread 0x0000017cafc2f590 Implicit null exception at 0x0000017c960d8b63 to 0x0000017c960d90ec
Event: 146.940 Thread 0x0000017cafc2f590 Exception <a 'java/lang/ClassNotFoundException'{0x00000007085c3e18}: java/lang/ObjectCustomizer> (0x00000007085c3e18) 
thrown [s\open\src\hotspot\share\classfile\systemDictionary.cpp, line 255]
Event: 146.941 Thread 0x0000017cafc2f590 Exception <a 'java/lang/ClassNotFoundException'{0x00000007085cccd0}: com/greatlearning/library/entity/LibraryEntityCustomizer> (0x00000007085cccd0) 
thrown [s\open\src\hotspot\share\classfile\systemDictionary.cpp, line 255]

VM Operations (20 events):
Event: 145.804 Executing VM operation: RedefineClasses
Event: 145.856 Executing VM operation: RedefineClasses done
Event: 145.904 Executing VM operation: G1CollectFull
Event: 145.985 Executing VM operation: G1CollectFull done
Event: 145.985 Executing VM operation: Cleanup
Event: 145.986 Executing VM operation: Cleanup done
Event: 146.638 Executing VM operation: G1CollectForAllocation
Event: 146.642 Executing VM operation: G1CollectForAllocation done
Event: 146.642 Executing VM operation: Cleanup
Event: 146.643 Executing VM operation: Cleanup done
Event: 147.646 Executing VM operation: Cleanup
Event: 147.646 Executing VM operation: Cleanup done
Event: 148.257 Executing VM operation: ChangeSingleStep
Event: 148.257 Executing VM operation: ChangeSingleStep done
Event: 148.257 Executing VM operation: ChangeSingleStep
Event: 148.257 Executing VM operation: ChangeSingleStep done
Event: 148.276 Executing VM operation: RedefineClasses
Event: 148.308 Executing VM operation: RedefineClasses done
Event: 148.310 Executing VM operation: ChangeSingleStep
Event: 148.310 Executing VM operation: ChangeSingleStep done

Events (20 events):
Event: 145.649 Thread 0x0000017cafc325b0 Thread exited: 0x0000017cafc325b0
Event: 145.649 Thread 0x0000017cafc308d0 Thread exited: 0x0000017cafc308d0
Event: 145.649 Thread 0x0000017cafc2c0a0 Thread exited: 0x0000017cafc2c0a0
Event: 145.901 Thread 0x0000017cb08d07e0 Thread exited: 0x0000017cb08d07e0
Event: 145.902 Thread 0x0000017cafc2e720 Thread added: 0x0000017cafc2e720
Event: 145.902 Thread 0x0000017cafc32f50 Thread exited: 0x0000017cafc32f50
Event: 145.902 Thread 0x0000017cafc2f590 Thread exited: 0x0000017cafc2f590
Event: 145.903 Thread 0x0000017cafc2e720 Thread exited: 0x0000017cafc2e720
Event: 145.985 Thread 0x0000017cafc325b0 Thread added: 0x0000017cafc325b0
Event: 145.986 Thread 0x0000017cafc325b0 Thread exited: 0x0000017cafc325b0
Event: 145.986 Thread 0x0000017cafc2f590 Thread added: 0x0000017cafc2f590
Event: 146.020 Thread 0x0000017cb08d0cf0 Thread added: 0x0000017cb08d0cf0
Event: 146.301 Thread 0x0000017cafc308d0 Thread added: 0x0000017cafc308d0
Event: 146.355 Thread 0x0000017cafc308d0 Thread exited: 0x0000017cafc308d0
Event: 146.725 Thread 0x0000017cb08cee90 Thread added: 0x0000017cb08cee90
Event: 146.816 Thread 0x0000017cafc2f0c0 Thread added: 0x0000017cafc2f0c0
Event: 146.839 Thread 0x0000017cafc2c570 Thread added: 0x0000017cafc2c570
Event: 146.839 Thread 0x0000017cafc30400 Thread added: 0x0000017cafc30400
Event: 146.839 Thread 0x0000017cafc308d0 Thread added: 0x0000017cafc308d0
Event: 146.932 Thread 0x0000017cafc2ca40 Thread added: 0x0000017cafc2ca40


Dynamic libraries:
0x00007ff6920c0000 - 0x00007ff6920d0000 	C:\Program Files\Java\jdk-18.0.1.1\bin\javaw.exe
0x00007ffeb5910000 - 0x00007ffeb5b24000 	C:\WINDOWS\SYSTEM32\ntdll.dll
0x00007ffeb45c0000 - 0x00007ffeb4683000 	C:\WINDOWS\System32\KERNEL32.DLL
0x00007ffeb2f60000 - 0x00007ffeb32fc000 	C:\WINDOWS\System32\KERNELBASE.dll
0x00007ffeb3600000 - 0x00007ffeb3711000 	C:\WINDOWS\System32\ucrtbase.dll
0x00007ffe9c3e0000 - 0x00007ffe9c3fa000 	C:\Program Files\Java\jdk-18.0.1.1\bin\VCRUNTIME140.dll
0x00007ffe9c2f0000 - 0x00007ffe9c308000 	C:\Program Files\Java\jdk-18.0.1.1\bin\jli.dll
0x00007ffeb4c40000 - 0x00007ffeb4cee000 	C:\WINDOWS\System32\ADVAPI32.dll
0x00007ffeb4f90000 - 0x00007ffeb5037000 	C:\WINDOWS\System32\msvcrt.dll
0x00007ffeb5820000 - 0x00007ffeb58c4000 	C:\WINDOWS\System32\sechost.dll
0x00007ffeb3c00000 - 0x00007ffeb3d15000 	C:\WINDOWS\System32\RPCRT4.dll
0x00007ffeb46d0000 - 0x00007ffeb487d000 	C:\WINDOWS\System32\USER32.dll
0x00007ffeb2d50000 - 0x00007ffeb2d76000 	C:\WINDOWS\System32\win32u.dll
0x00007ffe940f0000 - 0x00007ffe9437e000 	C:\WINDOWS\WinSxS\amd64_microsoft.windows.common-controls_6595b64144ccf1df_6.0.22621.608_none_a9444ca7c10bb01d\COMCTL32.dll
0x00007ffeb4a80000 - 0x00007ffeb4aa9000 	C:\WINDOWS\System32\GDI32.dll
0x00007ffeb3460000 - 0x00007ffeb3572000 	C:\WINDOWS\System32\gdi32full.dll
0x00007ffeb33c0000 - 0x00007ffeb345a000 	C:\WINDOWS\System32\msvcp_win.dll
0x00007ffead430000 - 0x00007ffead43a000 	C:\WINDOWS\SYSTEM32\VERSION.dll
0x00007ffeb4690000 - 0x00007ffeb46c2000 	C:\WINDOWS\System32\IMM32.DLL
0x00007ffea2580000 - 0x00007ffea258c000 	C:\Program Files\Java\jdk-18.0.1.1\bin\vcruntime140_1.dll
0x00007ffe5d010000 - 0x00007ffe5d09d000 	C:\Program Files\Java\jdk-18.0.1.1\bin\msvcp140.dll
0x00007ffe1ff00000 - 0x00007ffe20b10000 	C:\Program Files\Java\jdk-18.0.1.1\bin\server\jvm.dll
0x00007ffeb4e60000 - 0x00007ffeb4e68000 	C:\WINDOWS\System32\PSAPI.DLL
0x00007ffe94b40000 - 0x00007ffe94b49000 	C:\WINDOWS\SYSTEM32\WSOCK32.dll
0x00007ffea1b10000 - 0x00007ffea1b44000 	C:\WINDOWS\SYSTEM32\WINMM.dll
0x00007ffeb4ab0000 - 0x00007ffeb4b21000 	C:\WINDOWS\System32\WS2_32.dll
0x00007ffeb1e90000 - 0x00007ffeb1ea8000 	C:\WINDOWS\SYSTEM32\kernel.appcore.dll
0x00007ffe94b00000 - 0x00007ffe94b0a000 	C:\Program Files\Java\jdk-18.0.1.1\bin\jimage.dll
0x00007ffe9ef40000 - 0x00007ffe9f16e000 	C:\WINDOWS\SYSTEM32\DBGHELP.DLL
0x00007ffeb53b0000 - 0x00007ffeb573a000 	C:\WINDOWS\System32\combase.dll
0x00007ffeb5740000 - 0x00007ffeb5817000 	C:\WINDOWS\System32\OLEAUT32.dll
0x00007ffe9edd0000 - 0x00007ffe9ee02000 	C:\WINDOWS\SYSTEM32\dbgcore.DLL
0x00007ffeb3580000 - 0x00007ffeb35fb000 	C:\WINDOWS\System32\bcryptPrimitives.dll
0x00007ffe9c3a0000 - 0x00007ffe9c3db000 	C:\Program Files\Java\jdk-18.0.1.1\bin\jdwp.dll
0x00007ffe948c0000 - 0x00007ffe948ce000 	C:\Program Files\Java\jdk-18.0.1.1\bin\instrument.dll
0x00007ffe8c770000 - 0x00007ffe8c795000 	C:\Program Files\Java\jdk-18.0.1.1\bin\java.dll
0x00007ffe59d40000 - 0x00007ffe59e16000 	C:\Program Files\Java\jdk-18.0.1.1\bin\jsvml.dll
0x00007ffeb3d20000 - 0x00007ffeb450f000 	C:\WINDOWS\System32\SHELL32.dll
0x00007ffeb0d80000 - 0x00007ffeb1648000 	C:\WINDOWS\SYSTEM32\windows.storage.dll
0x00007ffeb0c40000 - 0x00007ffeb0d7e000 	C:\WINDOWS\SYSTEM32\wintypes.dll
0x00007ffeb4890000 - 0x00007ffeb4981000 	C:\WINDOWS\System32\SHCORE.dll
0x00007ffeb4a20000 - 0x00007ffeb4a7e000 	C:\WINDOWS\System32\shlwapi.dll
0x00007ffeb2c80000 - 0x00007ffeb2ca1000 	C:\WINDOWS\SYSTEM32\profapi.dll
0x00007ffeaed40000 - 0x00007ffeaed4c000 	C:\Program Files\Java\jdk-18.0.1.1\bin\dt_socket.dll
0x00007ffeb1910000 - 0x00007ffeb193d000 	C:\WINDOWS\SYSTEM32\IPHLPAPI.DLL
0x00007ffeb2300000 - 0x00007ffeb2369000 	C:\WINDOWS\system32\mswsock.dll
0x00007ffeb1980000 - 0x00007ffeb1a73000 	C:\WINDOWS\SYSTEM32\DNSAPI.dll
0x00007ffeb4b30000 - 0x00007ffeb4b39000 	C:\WINDOWS\System32\NSI.dll
0x00007ffea9e50000 - 0x00007ffea9e5a000 	C:\Windows\System32\rasadhlp.dll
0x00007ffeabe70000 - 0x00007ffeabef3000 	C:\WINDOWS\System32\fwpuclnt.dll
0x00007ffe89660000 - 0x00007ffe89678000 	C:\Program Files\Java\jdk-18.0.1.1\bin\zip.dll
0x00007ffe824d0000 - 0x00007ffe824e3000 	C:\Program Files\Java\jdk-18.0.1.1\bin\net.dll
0x00007ffeacba0000 - 0x00007ffeacccf000 	C:\WINDOWS\SYSTEM32\WINHTTP.dll
0x00007ffe7b550000 - 0x00007ffe7b566000 	C:\Program Files\Java\jdk-18.0.1.1\bin\nio.dll
0x00007ffe93b70000 - 0x00007ffe93b80000 	C:\Program Files\Java\jdk-18.0.1.1\bin\verify.dll
0x00007ffe90aa0000 - 0x00007ffe90aa9000 	C:\Program Files\Java\jdk-18.0.1.1\bin\management.dll
0x00007ffe90600000 - 0x00007ffe9060b000 	C:\Program Files\Java\jdk-18.0.1.1\bin\management_ext.dll
0x00007ffe8f4d0000 - 0x00007ffe8f4e7000 	C:\WINDOWS\system32\napinsp.dll
0x00007ffe8f4b0000 - 0x00007ffe8f4cb000 	C:\WINDOWS\system32\pnrpnsp.dll
0x00007ffe8f460000 - 0x00007ffe8f471000 	C:\WINDOWS\System32\winrnr.dll
0x00007ffe8f440000 - 0x00007ffe8f455000 	C:\WINDOWS\system32\wshbth.dll
0x00007ffe8f410000 - 0x00007ffe8f431000 	C:\WINDOWS\system32\nlansp_c.dll
0x00007ffeb2550000 - 0x00007ffeb256b000 	C:\WINDOWS\SYSTEM32\CRYPTSP.dll
0x00007ffeb1e00000 - 0x00007ffeb1e35000 	C:\WINDOWS\system32\rsaenh.dll
0x00007ffeb23f0000 - 0x00007ffeb2418000 	C:\WINDOWS\SYSTEM32\USERENV.dll
0x00007ffeb26f0000 - 0x00007ffeb2718000 	C:\WINDOWS\SYSTEM32\bcrypt.dll
0x00007ffeb2570000 - 0x00007ffeb257c000 	C:\WINDOWS\SYSTEM32\CRYPTBASE.dll
0x00007ffeacb20000 - 0x00007ffeacb39000 	C:\WINDOWS\SYSTEM32\dhcpcsvc6.DLL
0x00007ffeacb00000 - 0x00007ffeacb1f000 	C:\WINDOWS\SYSTEM32\dhcpcsvc.DLL

dbghelp: loaded successfully - version: 4.0.5 - missing functions: none
symbol engine: initialized successfully - sym options: 0x614 - pdb path: .;C:\Program Files\Java\jdk-18.0.1.1\bin;C:\WINDOWS\SYSTEM32;C:\WINDOWS\WinSxS\amd64_microsoft.windows.common-controls_6595b64144ccf1df_6.0.22621.608_none_a9444ca7c10bb01d;C:\Program Files\Java\jdk-18.0.1.1\bin\server

VM Arguments:
jvm_args: -XX:+ShowCodeDetailsInExceptionMessages -agentlib:jdwp=transport=dt_socket,suspend=y,address=localhost:65502 -javaagent:C:\Users\princ\eclipse\java-2022-06\eclipse\configuration\org.eclipse.osgi\215\0\.cp\lib\javaagent-shaded.jar -Dfile.encoding=UTF-8 
java_command: com.greatlearning.library.SpringBootLibraryDesignApplication
java_class_path (initial): D:\Sprint-Boot\spring-boot-library-controller_restController\target\classes;C:\Users\princ\.m2\repository\org\springframework\boot\spring-boot-starter-data-jpa\2.4.2\spring-boot-starter-data-jpa-2.4.2.jar;C:\Users\princ\.m2\repository\org\springframework\boot\spring-boot-starter-aop\2.4.2\spring-boot-starter-aop-2.4.2.jar;C:\Users\princ\.m2\repository\org\springframework\spring-aop\5.3.3\spring-aop-5.3.3.jar;C:\Users\princ\.m2\repository\org\aspectj\aspectjweaver\1.9.6\aspectjweaver-1.9.6.jar;C:\Users\princ\.m2\repository\org\springframework\boot\spring-boot-starter-jdbc\2.4.2\spring-boot-starter-jdbc-2.4.2.jar;C:\Users\princ\.m2\repository\com\zaxxer\HikariCP\3.4.5\HikariCP-3.4.5.jar;C:\Users\princ\.m2\repository\org\springframework\spring-jdbc\5.3.3\spring-jdbc-5.3.3.jar;C:\Users\princ\.m2\repository\jakarta\transaction\jakarta.transaction-api\1.3.3\jakarta.transaction-api-1.3.3.jar;C:\Users\princ\.m2\repository\jakarta\persistence\jakarta.persistence-api\2.2.3\jakarta.persistence-api-2.2.3.jar;C:\Users\princ\.m2\repository\org\hibernate\hibernate-core\5.4.27.Final\hibernate-core-5.4.27.Final.jar;C:\Users\princ\.m2\repository\org\jboss\logging\jboss-logging\3.4.1.Final\jboss-logging-3.4.1.Final.jar;C:\Users\princ\.m2\repository\org\javassist\javassist\3.27.0-GA\javassist-3.27.0-GA.jar;C:\Users\princ\.m2\repository\net\bytebuddy\byte-buddy\1.10.19\byte-buddy-1.10.19.jar;C:\Users\princ\.m2\repository\antlr\antlr\2.7.7\antlr-2.7.7.jar;C:\Users\princ\.m2\repository\org\jboss\jandex\2.1.3.Final\jandex-2.1.3.Final.jar;C:\Users\princ\.m2\repository\org\dom4j\dom4j\2.1.3\dom4j-2.1.3.jar;C:\Users\princ\.m2\repository\org\hibernate\common\hibernate-commons-annotations\5.1.2.Final\hibernate-commons-annotations-5.1.2.Final.jar;C:\Users\princ\.m2\repository\org\glassfish\jaxb\jaxb-runtime\2.3.3\jaxb-runtime-2.3.3.jar;C:\Users\princ\.m2\repository\org\glassfish\jaxb\txw2\2.3.3\txw2-2.3.3.jar;C:\Users\princ\.m2\repository\com\sun\istack\istack-commons-runtime\3.0.11\istack-commons-runtime-3.0.11.jar;C:\Users\princ\.m2\repository\com\sun\activation\jakarta.activation\1.2.2\jakarta.activation-1.2.2.jar;C:\Users\princ\.m2\repository\org\springframework\data\spring-data-jpa\2.4.3\spring-data-jpa-2.4.3.jar;C:\Users\princ\.m2\repository\org\springframework\data\spring-data-commons\2.4.3\spring-data-commons-2.4.3.jar;C:\Users\princ\.m2\repository\org\springframework\spring-orm\5.3.3\spring-orm-5.3.3.jar;C:\Users\princ\.m2\repository\org\springframework\spring-context\5.3.3\spring-context-5.3.3.jar;C:\Users\princ\.m2\repository\org\springframework\spring-tx\5.3.3\spring-tx-5.3.3.jar;C:\Users\princ\.m2\repository\org\springframework\spring-beans\5.3.3\spring-beans-5.3.3.jar;C:\Users\princ\.m2\repository\org\springframework\spring-aspects\5.3.3\spring-aspects-5.3.3.jar;C:\Users\princ\.m2\repository\org\springframework\boot\spring-boot-starter-web\2.4.2\spring-boot-starter-web-2.4.2.jar;C:\Users\princ\.m2\repository\org\springframework\boot\spring-boot-starter\2.4.2\spring-boot-starter-2.4.2.jar;C:\Users\princ\.m2\repository\org\springframework\boot\spring-boot-starter-logging\2.4.2\spring-boot-starter-logging-2.4.2.jar;C:\Users\princ\.m2\repository\ch\qos\logback\logback-classic\1.2.3\logback-classic-1.2.3.jar;C:\Users\princ\.m2\repository\ch\qos\logback\logback-core\1.2.3\logback-core-1.2.3.jar;C:\Users\princ\.m2\repository\org\apache\logging\log4j\log4j-to-slf4j\2.13.3\log4j-to-slf4j-2.13.3.jar;C:\Users\princ\.m2\repository\org\apache\logging\log4j\log4j-api\2.13.3\log4j-api-2.13.3.jar;C:\Users\princ\.m2\repository\org\slf4j\jul-to-slf4j\1.7.30\jul-to-slf4j-1.7.30.jar;C:\Users\princ\.m2\repository\jakarta\annotation\jakarta.annotation-api\1.3.5\jakarta.annotation-api-1.3.5.jar;C:\Users\princ\.m2\repository\org\yaml\snakeyaml\1.27\snakeyaml-1.27.jar;C:\Users\princ\.m2\repository\org\springframework\boot\spring-boot-starter-json\2.4.2\spring-boot-starter-json-2.4.2.jar;C:\Users\princ\.m2\repository\com\fasterxml\jackson\core\jackson-databind\2.11.4\jackson-databind-2.11.4.jar;C:\Users\princ\.m2\repository\com\fasterxml\jackson\core\jackson-core\2.11.4\jackson-core-2.11.4.jar;C:\Users\princ\.m2\repository\com\fasterxml\jackson\datatype\jackson-datatype-jdk8\2.11.4\jackson-datatype-jdk8-2.11.4.jar;C:\Users\princ\.m2\repository\com\fasterxml\jackson\datatype\jackson-datatype-jsr310\2.11.4\jackson-datatype-jsr310-2.11.4.jar;C:\Users\princ\.m2\repository\com\fasterxml\jackson\module\jackson-module-parameter-names\2.11.4\jackson-module-parameter-names-2.11.4.jar;C:\Users\princ\.m2\repository\org\springframework\boot\spring-boot-starter-tomcat\2.4.2\spring-boot-starter-tomcat-2.4.2.jar;C:\Users\princ\.m2\repository\org\apache\tomcat\embed\tomcat-embed-core\9.0.41\tomcat-embed-core-9.0.41.jar;C:\Users\princ\.m2\repository\org\glassfish\jakarta.el\3.0.3\jakarta.el-3.0.3.jar;C:\Users\princ\.m2\repository\org\apache\tomcat\embed\tomcat-embed-websocket\9.0.41\tomcat-embed-websocket-9.0.41.jar;C:\Users\princ\.m2\repository\org\springframework\spring-web\5.3.3\spring-web-5.3.3.jar;C:\Users\princ\.m2\repository\org\springframework\spring-webmvc\5.3.3\spring-webmvc-5.3.3.jar;C:\Users\princ\.m2\repository\org\springframework\spring-expression\5.3.3\spring-expression-5.3.3.jar;C:\Users\princ\.m2\repository\com\h2database\h2\1.4.200\h2-1.4.200.jar;C:\Users\princ\.m2\repository\jakarta\xml\bind\jakarta.xml.bind-api\2.3.3\jakarta.xml.bind-api-2.3.3.jar;C:\Users\princ\.m2\repository\jakarta\activation\jakarta.activation-api\1.2.2\jakarta.activation-api-1.2.2.jar;C:\Users\princ\.m2\repository\org\springframework\spring-core\5.3.3\spring-core-5.3.3.jar;C:\Users\princ\.m2\repository\org\springframework\spring-jcl\5.3.3\spring-jcl-5.3.3.jar;C:\Users\princ\.m2\repository\org\springframework\boot\spring-boot-starter-actuator\2.4.2\spring-boot-starter-actuator-2.4.2.jar;C:\Users\princ\.m2\repository\org\springframework\boot\spring-boot-actuator-autoconfigure\2.4.2\spring-boot-actuator-autoconfigure-2.4.2.jar;C:\Users\princ\.m2\repository\org\springframework\boot\spring-boot-actuator\2.4.2\spring-boot-actuator-2.4.2.jar;C:\Users\princ\.m2\repository\io\micrometer\micrometer-core\1.6.3\micrometer-core-1.6.3.jar;C:\Users\princ\.m2\repository\org\hdrhistogram\HdrHistogram\2.1.12\HdrHistogram-2.1.12.jar;C:\Users\princ\.m2\repository\org\latencyutils\LatencyUtils\2.0.3\LatencyUtils-2.0.3.jar;C:\Users\princ\.m2\repository\org\springframework\boot\spring-boot-devtools\2.4.2\spring-boot-devtools-2.4.2.jar;C:\Users\princ\.m2\repository\org\springframework\boot\spring-boot\2.4.2\spring-boot-2.4.2.jar;C:\Users\princ\.m2\repository\org\springframework\boot\spring-boot-autoconfigure\2.4.2\spring-boot-autoconfigure-2.4.2.jar;C:\Users\princ\.m2\repository\org\projectlombok\lombok\1.18.16\lombok-1.18.16.jar;C:\Users\princ\.m2\repository\io\springfox\springfox-swagger2\2.9.2\springfox-swagger2-2.9.2.jar;C:\Users\princ\.m2\repository\io\swagger\swagger-annotations\1.5.20\swagger-annotations-1.5.20.jar;C:\Users\princ\.m2\repository\io\swagger\swagger-models\1.5.20\swagger-models-1.5.20.jar;C:\Users\princ\.m2\repository\com\fasterxml\jackson\core\jackson-annotations\2.11.4\jackson-annotations-2.11.4.jar;C:\Users\princ\.m2\repository\io\springfox\springfox-spi\2.9.2\springfox-spi-2.9.2.jar;C:\Users\princ\.m2\repository\io\springfox\springfox-core\2.9.2\springfox-core-2.9.2.jar;C:\Users\princ\.m2\repository\io\springfox\springfox-schema\2.9.2\springfox-schema-2.9.2.jar;C:\Users\princ\.m2\repository\io\springfox\springfox-swagger-common\2.9.2\springfox-swagger-common-2.9.2.jar;C:\Users\princ\.m2\repository\io\springfox\springfox-spring-web\2.9.2\springfox-spring-web-2.9.2.jar;C:\Users\princ\.m2\repository\com\google\guava\guava\20.0\guava-20.0.jar;C:\Users\princ\.m2\repository\com\fasterxml\classmate\1.5.1\classmate-1.5.1.jar;C:\Users\princ\.m2\repository\org\slf4j\slf4j-api\1.7.30\slf4j-api-1.7.30.jar;C:\Users\princ\.m2\repository\org\springframework\plugin\spring-plugin-core\1.2.0.RELEASE\spring-plugin-core-1.2.0.RELEASE.jar;C:\Users\princ\.m2\repository\org\springframework\plugin\spring-plugin-metadata\1.2.0.RELEASE\spring-plugin-metadata-1.2.0.RELEASE.jar;C:\Users\princ\.m2\repository\org\mapstruct\mapstruct\1.2.0.Final\mapstruct-1.2.0.Final.jar;C:\Users\princ\.m2\repository\io\springfox\springfox-swagger-ui\2.9.2\springfox-swagger-ui-2.9.2.jar
Launcher Type: SUN_STANDARD

[Global flags]
     intx CICompilerCount                          = 4                                         {product} {ergonomic}
     uint ConcGCThreads                            = 3                                         {product} {ergonomic}
     uint G1ConcRefinementThreads                  = 10                                        {product} {ergonomic}
   size_t G1HeapRegionSize                         = 2097152                                   {product} {ergonomic}
    uintx GCDrainStackTargetSize                   = 64                                        {product} {ergonomic}
   size_t InitialHeapSize                          = 266338304                                 {product} {ergonomic}
   size_t MarkStackSize                            = 4194304                                   {product} {ergonomic}
   size_t MaxHeapSize                              = 4244635648                                {product} {ergonomic}
   size_t MaxNewSize                               = 2545942528                                {product} {ergonomic}
   size_t MinHeapDeltaBytes                        = 2097152                                   {product} {ergonomic}
   size_t MinHeapSize                              = 8388608                                   {product} {ergonomic}
    uintx NonNMethodCodeHeapSize                   = 5839372                                {pd product} {ergonomic}
    uintx NonProfiledCodeHeapSize                  = 122909434                              {pd product} {ergonomic}
    uintx ProfiledCodeHeapSize                     = 122909434                              {pd product} {ergonomic}
    uintx ReservedCodeCacheSize                    = 251658240                              {pd product} {ergonomic}
     bool SegmentedCodeCache                       = true                                      {product} {ergonomic}
     bool ShowCodeDetailsInExceptionMessages       = true                                   {manageable} {command line}
   size_t SoftMaxHeapSize                          = 4244635648                             {manageable} {ergonomic}
     bool UseCompressedClassPointers               = true                           {product lp64_product} {ergonomic}
     bool UseCompressedOops                        = true                           {product lp64_product} {ergonomic}
     bool UseG1GC                                  = true                                      {product} {ergonomic}
     bool UseLargePagesIndividualAllocation        = false                                  {pd product} {ergonomic}

Logging:
Log output configuration:
 #0: stdout all=warning uptime,level,tags foldmultilines=false
 #1: stderr all=off uptime,level,tags foldmultilines=false

Environment Variables:
JAVA_HOME=D:\FSD\jdk-18.0.1.1
PATH=C:\Program Files (x86)\VMware\VMware Workstation\bin\;C:\Program Files\Common Files\Oracle\Java\javapath;C:\Windows\system32;C:\Windows;C:\Windows\System32\Wbem;C:\Windows\System32\WindowsPowerShell\v1.0\;C:\Windows\System32\OpenSSH\;C:\Program Files (x86)\NVIDIA Corporation\PhysX\Common;C:\Program Files\NVIDIA Corporation\NVIDIA NvDLISR;C:\WINDOWS\system32;C:\WINDOWS;C:\WINDOWS\System32\Wbem;C:\WINDOWS\System32\WindowsPowerShell\v1.0\;C:\WINDOWS\System32\OpenSSH\;C:\Program Files\PuTTY\;C:\Program Files\Java\jdk-18.0.1.1\bin;C:\Program Files\Git\cmd;C:\Program Files\MySQL\MySQL Shell 8.0\bin\;C:\Users\princ\AppData\Local\Microsoft\WindowsApps;C:\Users\princ\AppData\Local\Programs\Microsoft VS Code\bin;
USERNAME=prince
OS=Windows_NT
PROCESSOR_IDENTIFIER=Intel64 Family 6 Model 158 Stepping 10, GenuineIntel



---------------  S Y S T E M  ---------------

OS:
 Windows 11 , 64 bit Build 22621 (10.0.22621.1194)
OS uptime: 1 days 13:49 hours

CPU: total 12 (initial active 12) (6 cores per cpu, 2 threads per core) family 6 model 158 stepping 10 microcode 0xde, cx8, cmov, fxsr, ht, mmx, 3dnowpref, sse, sse2, sse3, ssse3, sse4.1, sse4.2, popcnt, lzcnt, tsc, tscinvbit, avx, avx2, aes, erms, clmul, bmi1, bmi2, adx, fma, vzeroupper, clflush, clflushopt

Memory: 4k page, system-wide physical 16187M (4741M free)
TotalPageFile size 22843M (AvailPageFile size 5622M)
current process WorkingSet (physical memory assigned to process): 280M, peak: 357M
current process commit charge ("private bytes"): 323M, peak: 466M

vm_info: Java HotSpot(TM) 64-Bit Server VM (18.0.1.1+2-6) for windows-amd64 JRE (18.0.1.1+2-6), built on Apr 25 2022 21:53:15 by "mach5one" with MS VC++ 16.8 / 16.9 (VS2019)

END.
